{"C:\\Users\\user\\Documents\\Projects\\React-RSSchool-2025\\src\\services\\Api.tsx": {"path":"C:\\Users\\user\\Documents\\Projects\\React-RSSchool-2025\\src\\services\\Api.tsx","all":false,"statementMap":{"0":{"start":{"line":1,"column":0},"end":{"line":1,"column":40}},"2":{"start":{"line":3,"column":0},"end":{"line":3,"column":75}},"3":{"start":{"line":4,"column":0},"end":{"line":4,"column":7}},"4":{"start":{"line":5,"column":0},"end":{"line":5,"column":21}},"5":{"start":{"line":6,"column":0},"end":{"line":6,"column":57}},"6":{"start":{"line":7,"column":0},"end":{"line":7,"column":42}},"7":{"start":{"line":8,"column":0},"end":{"line":8,"column":38}},"9":{"start":{"line":10,"column":0},"end":{"line":10,"column":38}},"10":{"start":{"line":11,"column":0},"end":{"line":11,"column":23}},"11":{"start":{"line":12,"column":0},"end":{"line":12,"column":74}},"12":{"start":{"line":13,"column":0},"end":{"line":13,"column":5}},"13":{"start":{"line":14,"column":0},"end":{"line":14,"column":39}},"14":{"start":{"line":15,"column":0},"end":{"line":15,"column":12}},"15":{"start":{"line":16,"column":0},"end":{"line":16,"column":28}},"16":{"start":{"line":17,"column":0},"end":{"line":17,"column":24}},"17":{"start":{"line":18,"column":0},"end":{"line":18,"column":22}},"18":{"start":{"line":19,"column":0},"end":{"line":19,"column":30}},"19":{"start":{"line":20,"column":0},"end":{"line":20,"column":6}},"20":{"start":{"line":21,"column":0},"end":{"line":21,"column":19}},"21":{"start":{"line":22,"column":0},"end":{"line":22,"column":59}},"22":{"start":{"line":23,"column":0},"end":{"line":23,"column":65}},"23":{"start":{"line":24,"column":0},"end":{"line":24,"column":3}},"24":{"start":{"line":25,"column":0},"end":{"line":25,"column":1}}},"s":{"0":1,"2":4,"3":4,"4":4,"5":3,"6":1,"7":4,"9":4,"10":4,"11":1,"12":1,"13":2,"14":2,"15":2,"16":2,"17":2,"18":2,"19":2,"20":2,"21":2,"22":2,"23":2,"24":4},"branchMap":{"0":{"type":"branch","line":3,"loc":{"start":{"line":3,"column":0},"end":{"line":25,"column":1}},"locations":[{"start":{"line":3,"column":0},"end":{"line":25,"column":1}}]},"1":{"type":"branch","line":5,"loc":{"start":{"line":5,"column":16},"end":{"line":6,"column":57}},"locations":[{"start":{"line":5,"column":16},"end":{"line":6,"column":57}}]},"2":{"type":"branch","line":6,"loc":{"start":{"line":6,"column":55},"end":{"line":7,"column":42}},"locations":[{"start":{"line":6,"column":55},"end":{"line":7,"column":42}}]},"3":{"type":"branch","line":10,"loc":{"start":{"line":10,"column":36},"end":{"line":11,"column":22}},"locations":[{"start":{"line":10,"column":36},"end":{"line":11,"column":22}}]},"4":{"type":"branch","line":11,"loc":{"start":{"line":11,"column":22},"end":{"line":13,"column":5}},"locations":[{"start":{"line":11,"column":22},"end":{"line":13,"column":5}}]},"5":{"type":"branch","line":13,"loc":{"start":{"line":13,"column":4},"end":{"line":24,"column":3}},"locations":[{"start":{"line":13,"column":4},"end":{"line":24,"column":3}}]}},"b":{"0":[4],"1":[3],"2":[1],"3":[3],"4":[1],"5":[2]},"fnMap":{"0":{"name":"fetchSearchResults","decl":{"start":{"line":3,"column":0},"end":{"line":25,"column":1}},"loc":{"start":{"line":3,"column":0},"end":{"line":25,"column":1}},"line":3}},"f":{"0":4}}
,"C:\\Users\\user\\Documents\\Projects\\React-RSSchool-2025\\src\\tests\\setup.ts": {"path":"C:\\Users\\user\\Documents\\Projects\\React-RSSchool-2025\\src\\tests\\setup.ts","all":false,"statementMap":{"0":{"start":{"line":1,"column":0},"end":{"line":1,"column":35}},"1":{"start":{"line":2,"column":0},"end":{"line":2,"column":42}}},"s":{"0":1,"1":1},"branchMap":{},"b":{},"fnMap":{},"f":{}}
}
