{"C:\\Users\\user\\Documents\\Projects\\React-RSSchool-2025\\src\\App.tsx": {"path":"C:\\Users\\user\\Documents\\Projects\\React-RSSchool-2025\\src\\App.tsx","all":true,"statementMap":{"0":{"start":{"line":1,"column":0},"end":{"line":1,"column":38}},"1":{"start":{"line":2,"column":0},"end":{"line":2,"column":70}},"2":{"start":{"line":3,"column":0},"end":{"line":3,"column":55}},"3":{"start":{"line":4,"column":0},"end":{"line":4,"column":34}},"4":{"start":{"line":5,"column":0},"end":{"line":5,"column":39}},"5":{"start":{"line":6,"column":0},"end":{"line":6,"column":19}},"7":{"start":{"line":8,"column":0},"end":{"line":8,"column":54}},"8":{"start":{"line":9,"column":0},"end":{"line":9,"column":19}},"9":{"start":{"line":10,"column":0},"end":{"line":10,"column":10}},"10":{"start":{"line":11,"column":0},"end":{"line":11,"column":19}},"11":{"start":{"line":12,"column":0},"end":{"line":12,"column":30}},"12":{"start":{"line":13,"column":0},"end":{"line":13,"column":23}},"13":{"start":{"line":14,"column":0},"end":{"line":14,"column":20}},"14":{"start":{"line":15,"column":0},"end":{"line":15,"column":24}},"15":{"start":{"line":16,"column":0},"end":{"line":16,"column":17}},"16":{"start":{"line":17,"column":0},"end":{"line":17,"column":20}},"18":{"start":{"line":19,"column":0},"end":{"line":19,"column":2}},"20":{"start":{"line":21,"column":0},"end":{"line":21,"column":19}}},"s":{"0":0,"1":0,"2":0,"3":0,"4":0,"5":0,"7":0,"8":0,"9":0,"10":0,"11":0,"12":0,"13":0,"14":0,"15":0,"16":0,"18":0,"20":0},"branchMap":{"0":{"type":"branch","line":1,"loc":{"start":{"line":1,"column":433},"end":{"line":21,"column":-317}},"locations":[{"start":{"line":1,"column":433},"end":{"line":21,"column":-317}}]}},"b":{"0":[0]},"fnMap":{"0":{"name":"(empty-report)","decl":{"start":{"line":1,"column":433},"end":{"line":21,"column":-317}},"loc":{"start":{"line":1,"column":433},"end":{"line":21,"column":-317}},"line":1}},"f":{"0":0}}
,"C:\\Users\\user\\Documents\\Projects\\React-RSSchool-2025\\src\\main.tsx": {"path":"C:\\Users\\user\\Documents\\Projects\\React-RSSchool-2025\\src\\main.tsx","all":true,"statementMap":{"0":{"start":{"line":1,"column":0},"end":{"line":1,"column":35}},"1":{"start":{"line":2,"column":0},"end":{"line":2,"column":46}},"2":{"start":{"line":3,"column":0},"end":{"line":3,"column":49}},"3":{"start":{"line":4,"column":0},"end":{"line":4,"column":21}},"4":{"start":{"line":5,"column":0},"end":{"line":5,"column":24}},"6":{"start":{"line":7,"column":0},"end":{"line":7,"column":52}},"8":{"start":{"line":9,"column":0},"end":{"line":9,"column":18}},"9":{"start":{"line":10,"column":0},"end":{"line":10,"column":33}},"10":{"start":{"line":11,"column":0},"end":{"line":11,"column":16}},"11":{"start":{"line":12,"column":0},"end":{"line":12,"column":21}},"12":{"start":{"line":13,"column":0},"end":{"line":13,"column":15}},"13":{"start":{"line":14,"column":0},"end":{"line":14,"column":22}},"14":{"start":{"line":15,"column":0},"end":{"line":15,"column":17}},"15":{"start":{"line":16,"column":0},"end":{"line":16,"column":4}},"16":{"start":{"line":17,"column":0},"end":{"line":17,"column":8}},"17":{"start":{"line":18,"column":0},"end":{"line":18,"column":43}},"18":{"start":{"line":19,"column":0},"end":{"line":19,"column":1}}},"s":{"0":0,"1":0,"2":0,"3":0,"4":0,"6":0,"8":0,"9":0,"10":0,"11":0,"12":0,"13":0,"14":0,"15":0,"16":0,"17":0,"18":0},"branchMap":{"0":{"type":"branch","line":1,"loc":{"start":{"line":1,"column":335},"end":{"line":19,"column":-288}},"locations":[{"start":{"line":1,"column":335},"end":{"line":19,"column":-288}}]}},"b":{"0":[0]},"fnMap":{"0":{"name":"(empty-report)","decl":{"start":{"line":1,"column":335},"end":{"line":19,"column":-288}},"loc":{"start":{"line":1,"column":335},"end":{"line":19,"column":-288}},"line":1}},"f":{"0":0}}
,"C:\\Users\\user\\Documents\\Projects\\React-RSSchool-2025\\src\\components\\checkbox\\Checkbox.tsx": {"path":"C:\\Users\\user\\Documents\\Projects\\React-RSSchool-2025\\src\\components\\checkbox\\Checkbox.tsx","all":false,"statementMap":{"0":{"start":{"line":1,"column":0},"end":{"line":1,"column":43}},"7":{"start":{"line":8,"column":0},"end":{"line":8,"column":68}},"8":{"start":{"line":9,"column":0},"end":{"line":9,"column":10}},"9":{"start":{"line":10,"column":0},"end":{"line":10,"column":40}},"10":{"start":{"line":11,"column":0},"end":{"line":11,"column":69}},"11":{"start":{"line":12,"column":0},"end":{"line":12,"column":10}},"12":{"start":{"line":13,"column":0},"end":{"line":13,"column":21}},"13":{"start":{"line":14,"column":0},"end":{"line":14,"column":20}},"14":{"start":{"line":15,"column":0},"end":{"line":15,"column":21}},"15":{"start":{"line":16,"column":0},"end":{"line":16,"column":27}},"16":{"start":{"line":17,"column":0},"end":{"line":17,"column":20}},"17":{"start":{"line":18,"column":0},"end":{"line":18,"column":27}},"18":{"start":{"line":19,"column":0},"end":{"line":19,"column":42}},"19":{"start":{"line":20,"column":0},"end":{"line":20,"column":49}},"21":{"start":{"line":22,"column":0},"end":{"line":22,"column":11}},"22":{"start":{"line":23,"column":0},"end":{"line":23,"column":13}},"23":{"start":{"line":24,"column":0},"end":{"line":24,"column":685}},"24":{"start":{"line":25,"column":0},"end":{"line":25,"column":14}},"25":{"start":{"line":26,"column":0},"end":{"line":26,"column":12}},"26":{"start":{"line":27,"column":0},"end":{"line":27,"column":12}},"27":{"start":{"line":28,"column":0},"end":{"line":28,"column":12}},"29":{"start":{"line":30,"column":0},"end":{"line":30,"column":2}},"31":{"start":{"line":32,"column":0},"end":{"line":32,"column":24}}},"s":{"0":1,"7":1,"8":15,"9":15,"10":15,"11":15,"12":15,"13":15,"14":15,"15":15,"16":15,"17":15,"18":15,"19":15,"21":15,"22":15,"23":15,"24":15,"25":15,"26":15,"27":15,"29":15,"31":1},"branchMap":{"0":{"type":"branch","line":8,"loc":{"start":{"line":8,"column":17},"end":{"line":30,"column":2}},"locations":[{"start":{"line":8,"column":17},"end":{"line":30,"column":2}}]}},"b":{"0":[15]},"fnMap":{"0":{"name":"Checkbox","decl":{"start":{"line":8,"column":17},"end":{"line":30,"column":2}},"loc":{"start":{"line":8,"column":17},"end":{"line":30,"column":2}},"line":8}},"f":{"0":15}}
,"C:\\Users\\user\\Documents\\Projects\\React-RSSchool-2025\\src\\components\\error boundary\\ErrorBoundary.tsx": {"path":"C:\\Users\\user\\Documents\\Projects\\React-RSSchool-2025\\src\\components\\error boundary\\ErrorBoundary.tsx","all":false,"statementMap":{"0":{"start":{"line":1,"column":0},"end":{"line":1,"column":52}},"1":{"start":{"line":2,"column":0},"end":{"line":2,"column":48}},"13":{"start":{"line":14,"column":0},"end":{"line":14,"column":57}},"14":{"start":{"line":15,"column":0},"end":{"line":15,"column":31}},"15":{"start":{"line":16,"column":0},"end":{"line":16,"column":17}},"16":{"start":{"line":17,"column":0},"end":{"line":17,"column":57}},"17":{"start":{"line":18,"column":0},"end":{"line":18,"column":3}},"19":{"start":{"line":20,"column":0},"end":{"line":20,"column":58}},"20":{"start":{"line":21,"column":0},"end":{"line":21,"column":59}},"21":{"start":{"line":22,"column":0},"end":{"line":22,"column":3}},"23":{"start":{"line":24,"column":0},"end":{"line":24,"column":63}},"24":{"start":{"line":25,"column":0},"end":{"line":25,"column":70}},"25":{"start":{"line":26,"column":0},"end":{"line":26,"column":51}},"26":{"start":{"line":27,"column":0},"end":{"line":27,"column":3}},"28":{"start":{"line":29,"column":0},"end":{"line":29,"column":23}},"29":{"start":{"line":30,"column":0},"end":{"line":30,"column":59}},"30":{"start":{"line":31,"column":0},"end":{"line":31,"column":4}},"32":{"start":{"line":33,"column":0},"end":{"line":33,"column":12}},"33":{"start":{"line":34,"column":0},"end":{"line":34,"column":30}},"34":{"start":{"line":35,"column":0},"end":{"line":35,"column":14}},"35":{"start":{"line":36,"column":0},"end":{"line":36,"column":13}},"36":{"start":{"line":37,"column":0},"end":{"line":37,"column":65}},"37":{"start":{"line":38,"column":0},"end":{"line":38,"column":39}},"38":{"start":{"line":39,"column":0},"end":{"line":39,"column":78}},"40":{"start":{"line":41,"column":0},"end":{"line":41,"column":63}},"41":{"start":{"line":42,"column":0},"end":{"line":42,"column":14}},"43":{"start":{"line":44,"column":0},"end":{"line":44,"column":5}},"44":{"start":{"line":45,"column":0},"end":{"line":45,"column":31}},"45":{"start":{"line":46,"column":0},"end":{"line":46,"column":3}},"46":{"start":{"line":47,"column":0},"end":{"line":47,"column":1}},"48":{"start":{"line":49,"column":0},"end":{"line":49,"column":29}}},"s":{"0":1,"1":1,"13":1,"14":1,"15":1,"16":1,"17":1,"19":1,"20":0,"21":0,"23":1,"24":0,"25":0,"26":0,"28":1,"29":0,"30":0,"32":1,"33":1,"34":0,"35":0,"36":0,"37":0,"38":0,"40":0,"41":0,"43":0,"44":1,"45":1,"46":1,"48":1},"branchMap":{"0":{"type":"branch","line":14,"loc":{"start":{"line":14,"column":0},"end":{"line":47,"column":1}},"locations":[{"start":{"line":14,"column":0},"end":{"line":47,"column":1}}]},"1":{"type":"branch","line":15,"loc":{"start":{"line":15,"column":2},"end":{"line":18,"column":3}},"locations":[{"start":{"line":15,"column":2},"end":{"line":18,"column":3}}]},"2":{"type":"branch","line":33,"loc":{"start":{"line":33,"column":2},"end":{"line":46,"column":3}},"locations":[{"start":{"line":33,"column":2},"end":{"line":46,"column":3}}]},"3":{"type":"branch","line":34,"loc":{"start":{"line":34,"column":29},"end":{"line":44,"column":5}},"locations":[{"start":{"line":34,"column":29},"end":{"line":44,"column":5}}]}},"b":{"0":[1],"1":[1],"2":[1],"3":[0]},"fnMap":{"0":{"name":"<instance_members_initializer>","decl":{"start":{"line":14,"column":0},"end":{"line":47,"column":1}},"loc":{"start":{"line":14,"column":0},"end":{"line":47,"column":1}},"line":14},"1":{"name":"ErrorBoundary","decl":{"start":{"line":15,"column":2},"end":{"line":18,"column":3}},"loc":{"start":{"line":15,"column":2},"end":{"line":18,"column":3}},"line":15},"2":{"name":"getDerivedStateFromError","decl":{"start":{"line":20,"column":9},"end":{"line":22,"column":3}},"loc":{"start":{"line":20,"column":9},"end":{"line":22,"column":3}},"line":20},"3":{"name":"componentDidCatch","decl":{"start":{"line":24,"column":2},"end":{"line":27,"column":3}},"loc":{"start":{"line":24,"column":2},"end":{"line":27,"column":3}},"line":24},"4":{"name":"handleReset","decl":{"start":{"line":29,"column":16},"end":{"line":31,"column":4}},"loc":{"start":{"line":29,"column":16},"end":{"line":31,"column":4}},"line":29},"5":{"name":"render","decl":{"start":{"line":33,"column":2},"end":{"line":46,"column":3}},"loc":{"start":{"line":33,"column":2},"end":{"line":46,"column":3}},"line":33}},"f":{"0":1,"1":1,"2":0,"3":0,"4":0,"5":1}}
,"C:\\Users\\user\\Documents\\Projects\\React-RSSchool-2025\\src\\components\\flyout\\Flyout.tsx": {"path":"C:\\Users\\user\\Documents\\Projects\\React-RSSchool-2025\\src\\components\\flyout\\Flyout.tsx","all":false,"statementMap":{"0":{"start":{"line":1,"column":0},"end":{"line":1,"column":24}},"1":{"start":{"line":2,"column":0},"end":{"line":2,"column":31}},"2":{"start":{"line":3,"column":0},"end":{"line":3,"column":55}},"3":{"start":{"line":4,"column":0},"end":{"line":4,"column":68}},"6":{"start":{"line":7,"column":0},"end":{"line":7,"column":41}},"8":{"start":{"line":9,"column":0},"end":{"line":9,"column":22}},"9":{"start":{"line":10,"column":0},"end":{"line":10,"column":33}},"10":{"start":{"line":11,"column":0},"end":{"line":11,"column":36}},"11":{"start":{"line":12,"column":0},"end":{"line":12,"column":71}},"12":{"start":{"line":13,"column":0},"end":{"line":13,"column":4}},"14":{"start":{"line":15,"column":0},"end":{"line":15,"column":65}},"16":{"start":{"line":17,"column":0},"end":{"line":17,"column":32}},"17":{"start":{"line":18,"column":0},"end":{"line":18,"column":43}},"19":{"start":{"line":20,"column":0},"end":{"line":20,"column":26}},"20":{"start":{"line":21,"column":0},"end":{"line":21,"column":21}},"21":{"start":{"line":22,"column":0},"end":{"line":22,"column":13}},"22":{"start":{"line":23,"column":0},"end":{"line":23,"column":19}},"23":{"start":{"line":24,"column":0},"end":{"line":24,"column":15}},"24":{"start":{"line":25,"column":0},"end":{"line":25,"column":15}},"25":{"start":{"line":26,"column":0},"end":{"line":26,"column":13}},"26":{"start":{"line":27,"column":0},"end":{"line":27,"column":18}},"27":{"start":{"line":28,"column":0},"end":{"line":28,"column":18}},"28":{"start":{"line":29,"column":0},"end":{"line":29,"column":12}},"29":{"start":{"line":30,"column":0},"end":{"line":30,"column":6}},"31":{"start":{"line":32,"column":0},"end":{"line":32,"column":49}},"32":{"start":{"line":33,"column":0},"end":{"line":33,"column":7}},"33":{"start":{"line":34,"column":0},"end":{"line":34,"column":20}},"34":{"start":{"line":35,"column":0},"end":{"line":35,"column":26}},"35":{"start":{"line":36,"column":0},"end":{"line":36,"column":22}},"36":{"start":{"line":37,"column":0},"end":{"line":37,"column":22}},"37":{"start":{"line":38,"column":0},"end":{"line":38,"column":20}},"38":{"start":{"line":39,"column":0},"end":{"line":39,"column":25}},"39":{"start":{"line":40,"column":0},"end":{"line":40,"column":25}},"40":{"start":{"line":41,"column":0},"end":{"line":41,"column":19}},"41":{"start":{"line":42,"column":0},"end":{"line":42,"column":7}},"42":{"start":{"line":43,"column":0},"end":{"line":43,"column":37}},"43":{"start":{"line":44,"column":0},"end":{"line":44,"column":24}},"44":{"start":{"line":45,"column":0},"end":{"line":45,"column":6}},"46":{"start":{"line":47,"column":0},"end":{"line":47,"column":22}},"47":{"start":{"line":48,"column":0},"end":{"line":48,"column":66}},"49":{"start":{"line":50,"column":0},"end":{"line":50,"column":77}},"50":{"start":{"line":51,"column":0},"end":{"line":51,"column":42}},"51":{"start":{"line":52,"column":0},"end":{"line":52,"column":34}},"52":{"start":{"line":53,"column":0},"end":{"line":53,"column":41}},"53":{"start":{"line":54,"column":0},"end":{"line":54,"column":79}},"54":{"start":{"line":55,"column":0},"end":{"line":55,"column":38}},"55":{"start":{"line":56,"column":0},"end":{"line":56,"column":5}},"57":{"start":{"line":58,"column":0},"end":{"line":58,"column":29}},"58":{"start":{"line":59,"column":0},"end":{"line":59,"column":4}},"60":{"start":{"line":61,"column":0},"end":{"line":61,"column":46}},"62":{"start":{"line":63,"column":0},"end":{"line":63,"column":10}},"63":{"start":{"line":64,"column":0},"end":{"line":64,"column":34}},"64":{"start":{"line":65,"column":0},"end":{"line":65,"column":40}},"65":{"start":{"line":66,"column":0},"end":{"line":66,"column":35}},"66":{"start":{"line":67,"column":0},"end":{"line":67,"column":42}},"67":{"start":{"line":68,"column":0},"end":{"line":68,"column":37}},"68":{"start":{"line":69,"column":0},"end":{"line":69,"column":37}},"69":{"start":{"line":70,"column":0},"end":{"line":70,"column":77}},"70":{"start":{"line":71,"column":0},"end":{"line":71,"column":14}},"71":{"start":{"line":72,"column":0},"end":{"line":72,"column":40}},"72":{"start":{"line":73,"column":0},"end":{"line":73,"column":65}},"74":{"start":{"line":75,"column":0},"end":{"line":75,"column":19}},"75":{"start":{"line":76,"column":0},"end":{"line":76,"column":60}},"76":{"start":{"line":77,"column":0},"end":{"line":77,"column":14}},"77":{"start":{"line":78,"column":0},"end":{"line":78,"column":62}},"78":{"start":{"line":79,"column":0},"end":{"line":79,"column":63}},"79":{"start":{"line":80,"column":0},"end":{"line":80,"column":65}},"80":{"start":{"line":81,"column":0},"end":{"line":81,"column":64}},"81":{"start":{"line":82,"column":0},"end":{"line":82,"column":12}},"82":{"start":{"line":83,"column":0},"end":{"line":83,"column":8}},"83":{"start":{"line":84,"column":0},"end":{"line":84,"column":29}},"84":{"start":{"line":85,"column":0},"end":{"line":85,"column":35}},"85":{"start":{"line":86,"column":0},"end":{"line":86,"column":34}},"86":{"start":{"line":87,"column":0},"end":{"line":87,"column":11}},"87":{"start":{"line":88,"column":0},"end":{"line":88,"column":10}},"89":{"start":{"line":90,"column":0},"end":{"line":90,"column":2}},"91":{"start":{"line":92,"column":0},"end":{"line":92,"column":22}}},"s":{"0":1,"1":1,"2":1,"3":1,"6":1,"8":1,"9":16,"10":16,"11":16,"12":16,"14":16,"16":16,"17":1,"19":1,"20":1,"21":1,"22":1,"23":1,"24":1,"25":1,"26":1,"27":1,"28":1,"29":1,"31":1,"32":2,"33":2,"34":2,"35":2,"36":2,"37":2,"38":2,"39":2,"40":2,"41":2,"42":2,"43":2,"44":1,"46":1,"47":1,"49":1,"50":1,"51":1,"52":1,"53":1,"54":1,"55":1,"57":1,"58":1,"60":16,"62":4,"63":4,"64":4,"65":4,"66":4,"67":4,"68":4,"69":16,"70":16,"71":16,"72":16,"74":16,"75":16,"76":16,"77":16,"78":16,"79":16,"80":16,"81":16,"82":16,"83":16,"84":16,"85":16,"86":16,"87":16,"89":16,"91":1},"branchMap":{"0":{"type":"branch","line":9,"loc":{"start":{"line":9,"column":15},"end":{"line":90,"column":2}},"locations":[{"start":{"line":9,"column":15},"end":{"line":90,"column":2}}]},"1":{"type":"branch","line":61,"loc":{"start":{"line":61,"column":34},"end":{"line":61,"column":46}},"locations":[{"start":{"line":61,"column":34},"end":{"line":61,"column":46}}]},"2":{"type":"branch","line":61,"loc":{"start":{"line":61,"column":41},"end":{"line":70,"column":54}},"locations":[{"start":{"line":61,"column":41},"end":{"line":70,"column":54}}]},"3":{"type":"branch","line":61,"loc":{"start":{"line":61,"column":41},"end":{"line":70,"column":40}},"locations":[{"start":{"line":61,"column":41},"end":{"line":70,"column":40}}]},"4":{"type":"branch","line":70,"loc":{"start":{"line":70,"column":36},"end":{"line":70,"column":54}},"locations":[{"start":{"line":70,"column":36},"end":{"line":70,"column":54}}]},"5":{"type":"branch","line":70,"loc":{"start":{"line":70,"column":40},"end":{"line":70,"column":68}},"locations":[{"start":{"line":70,"column":40},"end":{"line":70,"column":68}}]},"6":{"type":"branch","line":12,"loc":{"start":{"line":12,"column":4},"end":{"line":12,"column":71}},"locations":[{"start":{"line":12,"column":4},"end":{"line":12,"column":71}}]},"7":{"type":"branch","line":17,"loc":{"start":{"line":17,"column":25},"end":{"line":59,"column":4}},"locations":[{"start":{"line":17,"column":25},"end":{"line":59,"column":4}}]},"8":{"type":"branch","line":18,"loc":{"start":{"line":18,"column":36},"end":{"line":18,"column":43}},"locations":[{"start":{"line":18,"column":36},"end":{"line":18,"column":43}}]},"9":{"type":"branch","line":32,"loc":{"start":{"line":32,"column":38},"end":{"line":44,"column":24}},"locations":[{"start":{"line":32,"column":38},"end":{"line":44,"column":24}}]},"10":{"type":"branch","line":43,"loc":{"start":{"line":43,"column":13},"end":{"line":43,"column":36}},"locations":[{"start":{"line":43,"column":13},"end":{"line":43,"column":36}}]},"11":{"type":"branch","line":73,"loc":{"start":{"line":73,"column":27},"end":{"line":73,"column":65}},"locations":[{"start":{"line":73,"column":27},"end":{"line":73,"column":65}}]}},"b":{"0":[16],"1":[12],"2":[6],"3":[4],"4":[1],"5":[3],"6":[29],"7":[1],"8":[0],"9":[2],"10":[16],"11":[1]},"fnMap":{"0":{"name":"Flyout","decl":{"start":{"line":9,"column":15},"end":{"line":90,"column":2}},"loc":{"start":{"line":9,"column":15},"end":{"line":90,"column":2}},"line":9},"1":{"name":"handleDownload","decl":{"start":{"line":17,"column":25},"end":{"line":59,"column":4}},"loc":{"start":{"line":17,"column":25},"end":{"line":59,"column":4}},"line":17},"2":{"name":"onClick","decl":{"start":{"line":73,"column":27},"end":{"line":73,"column":65}},"loc":{"start":{"line":73,"column":27},"end":{"line":73,"column":65}},"line":73}},"f":{"0":16,"1":1,"2":1}}
,"C:\\Users\\user\\Documents\\Projects\\React-RSSchool-2025\\src\\components\\pagination\\Pagination.tsx": {"path":"C:\\Users\\user\\Documents\\Projects\\React-RSSchool-2025\\src\\components\\pagination\\Pagination.tsx","all":false,"statementMap":{"0":{"start":{"line":1,"column":0},"end":{"line":1,"column":45}},"9":{"start":{"line":10,"column":0},"end":{"line":10,"column":21}},"10":{"start":{"line":11,"column":0},"end":{"line":11,"column":14}},"11":{"start":{"line":12,"column":0},"end":{"line":12,"column":14}},"12":{"start":{"line":13,"column":0},"end":{"line":13,"column":10}},"13":{"start":{"line":14,"column":0},"end":{"line":14,"column":15}},"14":{"start":{"line":15,"column":0},"end":{"line":15,"column":21}},"15":{"start":{"line":16,"column":0},"end":{"line":16,"column":10}},"16":{"start":{"line":17,"column":0},"end":{"line":17,"column":39}},"17":{"start":{"line":18,"column":0},"end":{"line":18,"column":13}},"18":{"start":{"line":19,"column":0},"end":{"line":19,"column":31}},"19":{"start":{"line":20,"column":0},"end":{"line":20,"column":53}},"20":{"start":{"line":21,"column":0},"end":{"line":21,"column":7}},"22":{"start":{"line":23,"column":0},"end":{"line":23,"column":15}},"23":{"start":{"line":24,"column":0},"end":{"line":24,"column":37}},"24":{"start":{"line":25,"column":0},"end":{"line":25,"column":80}},"26":{"start":{"line":27,"column":0},"end":{"line":27,"column":15}},"27":{"start":{"line":28,"column":0},"end":{"line":28,"column":10}},"29":{"start":{"line":30,"column":0},"end":{"line":30,"column":1}},"31":{"start":{"line":32,"column":0},"end":{"line":32,"column":26}}},"s":{"0":1,"9":8,"10":8,"11":8,"12":8,"13":8,"14":8,"15":8,"16":8,"17":8,"18":8,"19":8,"20":8,"22":8,"23":8,"24":8,"26":8,"27":8,"29":8,"31":1},"branchMap":{"0":{"type":"branch","line":10,"loc":{"start":{"line":10,"column":0},"end":{"line":30,"column":1}},"locations":[{"start":{"line":10,"column":0},"end":{"line":30,"column":1}}]},"1":{"type":"branch","line":20,"loc":{"start":{"line":20,"column":17},"end":{"line":20,"column":53}},"locations":[{"start":{"line":20,"column":17},"end":{"line":20,"column":53}}]},"2":{"type":"branch","line":25,"loc":{"start":{"line":25,"column":43},"end":{"line":25,"column":80}},"locations":[{"start":{"line":25,"column":43},"end":{"line":25,"column":80}}]}},"b":{"0":[8],"1":[1],"2":[1]},"fnMap":{"0":{"name":"Pagination","decl":{"start":{"line":10,"column":0},"end":{"line":30,"column":1}},"loc":{"start":{"line":10,"column":0},"end":{"line":30,"column":1}},"line":10},"1":{"name":"onClick","decl":{"start":{"line":20,"column":17},"end":{"line":20,"column":53}},"loc":{"start":{"line":20,"column":17},"end":{"line":20,"column":53}},"line":20},"2":{"name":"onClick","decl":{"start":{"line":25,"column":43},"end":{"line":25,"column":80}},"loc":{"start":{"line":25,"column":43},"end":{"line":25,"column":80}},"line":25}},"f":{"0":8,"1":1,"2":1}}
,"C:\\Users\\user\\Documents\\Projects\\React-RSSchool-2025\\src\\components\\result\\Result.tsx": {"path":"C:\\Users\\user\\Documents\\Projects\\React-RSSchool-2025\\src\\components\\result\\Result.tsx","all":false,"statementMap":{"1":{"start":{"line":2,"column":0},"end":{"line":2,"column":58}},"2":{"start":{"line":3,"column":0},"end":{"line":3,"column":70}},"3":{"start":{"line":4,"column":0},"end":{"line":4,"column":55}},"4":{"start":{"line":5,"column":0},"end":{"line":5,"column":60}},"6":{"start":{"line":7,"column":0},"end":{"line":7,"column":41}},"12":{"start":{"line":13,"column":0},"end":{"line":13,"column":37}},"13":{"start":{"line":14,"column":0},"end":{"line":14,"column":33}},"14":{"start":{"line":15,"column":0},"end":{"line":15,"column":33}},"15":{"start":{"line":16,"column":0},"end":{"line":16,"column":43}},"16":{"start":{"line":17,"column":0},"end":{"line":17,"column":36}},"17":{"start":{"line":18,"column":0},"end":{"line":18,"column":59}},"18":{"start":{"line":19,"column":0},"end":{"line":19,"column":4}},"20":{"start":{"line":21,"column":0},"end":{"line":21,"column":60}},"22":{"start":{"line":23,"column":0},"end":{"line":23,"column":52}},"23":{"start":{"line":24,"column":0},"end":{"line":24,"column":33}},"24":{"start":{"line":25,"column":0},"end":{"line":25,"column":4}},"26":{"start":{"line":27,"column":0},"end":{"line":27,"column":10}},"27":{"start":{"line":28,"column":0},"end":{"line":28,"column":36}},"28":{"start":{"line":29,"column":0},"end":{"line":29,"column":31}},"29":{"start":{"line":30,"column":0},"end":{"line":30,"column":38}},"30":{"start":{"line":31,"column":0},"end":{"line":31,"column":69}},"32":{"start":{"line":33,"column":0},"end":{"line":33,"column":18}},"33":{"start":{"line":34,"column":0},"end":{"line":34,"column":69}},"34":{"start":{"line":35,"column":0},"end":{"line":35,"column":19}},"35":{"start":{"line":36,"column":0},"end":{"line":36,"column":41}},"36":{"start":{"line":37,"column":0},"end":{"line":37,"column":55}},"37":{"start":{"line":38,"column":0},"end":{"line":38,"column":45}},"39":{"start":{"line":40,"column":0},"end":{"line":40,"column":66}},"40":{"start":{"line":41,"column":0},"end":{"line":41,"column":20}},"41":{"start":{"line":42,"column":0},"end":{"line":42,"column":53}},"42":{"start":{"line":43,"column":0},"end":{"line":43,"column":55}},"43":{"start":{"line":44,"column":0},"end":{"line":44,"column":23}},"44":{"start":{"line":45,"column":0},"end":{"line":45,"column":53}},"45":{"start":{"line":46,"column":0},"end":{"line":46,"column":47}},"46":{"start":{"line":47,"column":0},"end":{"line":47,"column":23}},"47":{"start":{"line":48,"column":0},"end":{"line":48,"column":53}},"48":{"start":{"line":49,"column":0},"end":{"line":49,"column":55}},"49":{"start":{"line":50,"column":0},"end":{"line":50,"column":23}},"50":{"start":{"line":51,"column":0},"end":{"line":51,"column":53}},"51":{"start":{"line":52,"column":0},"end":{"line":52,"column":53}},"52":{"start":{"line":53,"column":0},"end":{"line":53,"column":23}},"53":{"start":{"line":54,"column":0},"end":{"line":54,"column":21}},"54":{"start":{"line":55,"column":0},"end":{"line":55,"column":21}},"55":{"start":{"line":56,"column":0},"end":{"line":56,"column":23}},"56":{"start":{"line":57,"column":0},"end":{"line":57,"column":79}},"57":{"start":{"line":58,"column":0},"end":{"line":58,"column":61}},"58":{"start":{"line":59,"column":0},"end":{"line":59,"column":16}},"59":{"start":{"line":60,"column":0},"end":{"line":60,"column":18}},"61":{"start":{"line":62,"column":0},"end":{"line":62,"column":10}},"63":{"start":{"line":64,"column":0},"end":{"line":64,"column":40}},"65":{"start":{"line":66,"column":0},"end":{"line":66,"column":12}},"67":{"start":{"line":68,"column":0},"end":{"line":68,"column":10}},"69":{"start":{"line":70,"column":0},"end":{"line":70,"column":2}},"71":{"start":{"line":72,"column":0},"end":{"line":72,"column":22}}},"s":{"1":1,"2":1,"3":1,"4":1,"6":1,"12":1,"13":7,"14":7,"15":7,"16":7,"17":7,"18":7,"20":7,"22":7,"23":2,"24":2,"26":7,"27":7,"28":7,"29":6,"30":11,"32":11,"33":11,"34":11,"35":11,"36":11,"37":11,"39":11,"40":11,"41":11,"42":11,"43":11,"44":11,"45":11,"46":11,"47":11,"48":11,"49":11,"50":11,"51":11,"52":11,"53":11,"54":11,"55":11,"56":11,"57":11,"58":11,"59":11,"61":6,"63":1,"65":1,"67":7,"69":7,"71":1},"branchMap":{"0":{"type":"branch","line":13,"loc":{"start":{"line":13,"column":15},"end":{"line":70,"column":2}},"locations":[{"start":{"line":13,"column":15},"end":{"line":70,"column":2}}]},"1":{"type":"branch","line":29,"loc":{"start":{"line":29,"column":21},"end":{"line":62,"column":10}},"locations":[{"start":{"line":29,"column":21},"end":{"line":62,"column":10}}]},"2":{"type":"branch","line":62,"loc":{"start":{"line":62,"column":9},"end":{"line":66,"column":12}},"locations":[{"start":{"line":62,"column":9},"end":{"line":66,"column":12}}]},"3":{"type":"branch","line":18,"loc":{"start":{"line":18,"column":4},"end":{"line":18,"column":59}},"locations":[{"start":{"line":18,"column":4},"end":{"line":18,"column":59}}]},"4":{"type":"branch","line":23,"loc":{"start":{"line":23,"column":31},"end":{"line":25,"column":4}},"locations":[{"start":{"line":23,"column":31},"end":{"line":25,"column":4}}]},"5":{"type":"branch","line":30,"loc":{"start":{"line":30,"column":25},"end":{"line":62,"column":9}},"locations":[{"start":{"line":30,"column":25},"end":{"line":62,"column":9}}]},"6":{"type":"branch","line":31,"loc":{"start":{"line":31,"column":61},"end":{"line":31,"column":69}},"locations":[{"start":{"line":31,"column":61},"end":{"line":31,"column":69}}]},"7":{"type":"branch","line":57,"loc":{"start":{"line":57,"column":44},"end":{"line":57,"column":77}},"locations":[{"start":{"line":57,"column":44},"end":{"line":57,"column":77}}]},"8":{"type":"branch","line":58,"loc":{"start":{"line":58,"column":26},"end":{"line":58,"column":61}},"locations":[{"start":{"line":58,"column":26},"end":{"line":58,"column":61}}]}},"b":{"0":[7],"1":[6],"2":[1],"3":[14],"4":[2],"5":[11],"6":[0],"7":[2],"8":[2]},"fnMap":{"0":{"name":"Result","decl":{"start":{"line":13,"column":15},"end":{"line":70,"column":2}},"loc":{"start":{"line":13,"column":15},"end":{"line":70,"column":2}},"line":13},"1":{"name":"handleCheckboxChange","decl":{"start":{"line":23,"column":31},"end":{"line":25,"column":4}},"loc":{"start":{"line":23,"column":31},"end":{"line":25,"column":4}},"line":23},"2":{"name":"onChange","decl":{"start":{"line":58,"column":26},"end":{"line":58,"column":61}},"loc":{"start":{"line":58,"column":26},"end":{"line":58,"column":61}},"line":58}},"f":{"0":7,"1":2,"2":2}}
,"C:\\Users\\user\\Documents\\Projects\\React-RSSchool-2025\\src\\components\\search\\Search.tsx": {"path":"C:\\Users\\user\\Documents\\Projects\\React-RSSchool-2025\\src\\components\\search\\Search.tsx","all":false,"statementMap":{"0":{"start":{"line":1,"column":0},"end":{"line":1,"column":36}},"1":{"start":{"line":2,"column":0},"end":{"line":2,"column":56}},"2":{"start":{"line":3,"column":0},"end":{"line":3,"column":41}},"8":{"start":{"line":9,"column":0},"end":{"line":9,"column":52}},"9":{"start":{"line":10,"column":0},"end":{"line":10,"column":57}},"11":{"start":{"line":12,"column":0},"end":{"line":12,"column":77}},"12":{"start":{"line":13,"column":0},"end":{"line":13,"column":33}},"13":{"start":{"line":14,"column":0},"end":{"line":14,"column":4}},"15":{"start":{"line":16,"column":0},"end":{"line":16,"column":42}},"16":{"start":{"line":17,"column":0},"end":{"line":17,"column":38}},"17":{"start":{"line":18,"column":0},"end":{"line":18,"column":23}},"18":{"start":{"line":19,"column":0},"end":{"line":19,"column":34}},"19":{"start":{"line":20,"column":0},"end":{"line":20,"column":5}},"20":{"start":{"line":21,"column":0},"end":{"line":21,"column":29}},"22":{"start":{"line":23,"column":0},"end":{"line":23,"column":73}},"23":{"start":{"line":24,"column":0},"end":{"line":24,"column":32}},"24":{"start":{"line":25,"column":0},"end":{"line":25,"column":21}},"25":{"start":{"line":26,"column":0},"end":{"line":26,"column":5}},"26":{"start":{"line":27,"column":0},"end":{"line":27,"column":4}},"28":{"start":{"line":29,"column":0},"end":{"line":29,"column":29}},"29":{"start":{"line":30,"column":0},"end":{"line":30,"column":17}},"30":{"start":{"line":31,"column":0},"end":{"line":31,"column":29}},"31":{"start":{"line":32,"column":0},"end":{"line":32,"column":4}},"33":{"start":{"line":34,"column":0},"end":{"line":34,"column":10}},"34":{"start":{"line":35,"column":0},"end":{"line":35,"column":9}},"35":{"start":{"line":36,"column":0},"end":{"line":36,"column":12}},"36":{"start":{"line":37,"column":0},"end":{"line":37,"column":19}},"37":{"start":{"line":38,"column":0},"end":{"line":38,"column":21}},"38":{"start":{"line":39,"column":0},"end":{"line":39,"column":36}},"39":{"start":{"line":40,"column":0},"end":{"line":40,"column":31}},"40":{"start":{"line":41,"column":0},"end":{"line":41,"column":45}},"41":{"start":{"line":42,"column":0},"end":{"line":42,"column":8}},"42":{"start":{"line":43,"column":0},"end":{"line":43,"column":13}},"43":{"start":{"line":44,"column":0},"end":{"line":44,"column":39}},"44":{"start":{"line":45,"column":0},"end":{"line":45,"column":30}},"45":{"start":{"line":46,"column":0},"end":{"line":46,"column":32}},"46":{"start":{"line":47,"column":0},"end":{"line":47,"column":7}},"48":{"start":{"line":49,"column":0},"end":{"line":49,"column":15}},"49":{"start":{"line":50,"column":0},"end":{"line":50,"column":67}},"51":{"start":{"line":52,"column":0},"end":{"line":52,"column":15}},"52":{"start":{"line":53,"column":0},"end":{"line":53,"column":10}},"54":{"start":{"line":55,"column":0},"end":{"line":55,"column":2}},"56":{"start":{"line":57,"column":0},"end":{"line":57,"column":22}}},"s":{"0":1,"1":1,"2":1,"8":1,"9":16,"11":16,"12":4,"13":4,"15":16,"16":2,"17":2,"18":2,"19":2,"20":16,"22":16,"23":4,"24":0,"25":0,"26":4,"28":16,"29":0,"30":0,"31":0,"33":16,"34":16,"35":16,"36":16,"37":16,"38":16,"39":16,"40":16,"41":16,"42":16,"43":16,"44":16,"45":16,"46":16,"48":16,"49":16,"51":16,"52":16,"54":16,"56":1},"branchMap":{"0":{"type":"branch","line":9,"loc":{"start":{"line":9,"column":15},"end":{"line":55,"column":2}},"locations":[{"start":{"line":9,"column":15},"end":{"line":55,"column":2}}]},"1":{"type":"branch","line":12,"loc":{"start":{"line":12,"column":28},"end":{"line":14,"column":4}},"locations":[{"start":{"line":12,"column":28},"end":{"line":14,"column":4}}]},"2":{"type":"branch","line":16,"loc":{"start":{"line":16,"column":35},"end":{"line":21,"column":5}},"locations":[{"start":{"line":16,"column":35},"end":{"line":21,"column":5}}]},"3":{"type":"branch","line":23,"loc":{"start":{"line":23,"column":22},"end":{"line":27,"column":4}},"locations":[{"start":{"line":23,"column":22},"end":{"line":27,"column":4}}]},"4":{"type":"branch","line":24,"loc":{"start":{"line":24,"column":31},"end":{"line":26,"column":5}},"locations":[{"start":{"line":24,"column":31},"end":{"line":26,"column":5}}]}},"b":{"0":[16],"1":[4],"2":[2],"3":[4],"4":[0]},"fnMap":{"0":{"name":"Search","decl":{"start":{"line":9,"column":15},"end":{"line":55,"column":2}},"loc":{"start":{"line":9,"column":15},"end":{"line":55,"column":2}},"line":9},"1":{"name":"handleInputChange","decl":{"start":{"line":12,"column":28},"end":{"line":14,"column":4}},"loc":{"start":{"line":12,"column":28},"end":{"line":14,"column":4}},"line":12},"2":{"name":"handleEnter","decl":{"start":{"line":23,"column":22},"end":{"line":27,"column":4}},"loc":{"start":{"line":23,"column":22},"end":{"line":27,"column":4}},"line":23},"3":{"name":"handleReset","decl":{"start":{"line":29,"column":22},"end":{"line":32,"column":4}},"loc":{"start":{"line":29,"column":22},"end":{"line":32,"column":4}},"line":29}},"f":{"0":16,"1":4,"2":4,"3":0}}
,"C:\\Users\\user\\Documents\\Projects\\React-RSSchool-2025\\src\\components\\spinner\\Spinner.tsx": {"path":"C:\\Users\\user\\Documents\\Projects\\React-RSSchool-2025\\src\\components\\spinner\\Spinner.tsx","all":false,"statementMap":{"0":{"start":{"line":1,"column":0},"end":{"line":1,"column":43}},"2":{"start":{"line":3,"column":0},"end":{"line":3,"column":23}},"3":{"start":{"line":4,"column":0},"end":{"line":4,"column":67}},"4":{"start":{"line":5,"column":0},"end":{"line":5,"column":2}},"5":{"start":{"line":6,"column":0},"end":{"line":6,"column":23}}},"s":{"0":1,"2":1,"3":5,"4":5,"5":1},"branchMap":{"0":{"type":"branch","line":3,"loc":{"start":{"line":3,"column":16},"end":{"line":5,"column":2}},"locations":[{"start":{"line":3,"column":16},"end":{"line":5,"column":2}}]}},"b":{"0":[5]},"fnMap":{"0":{"name":"Spinner","decl":{"start":{"line":3,"column":16},"end":{"line":5,"column":2}},"loc":{"start":{"line":3,"column":16},"end":{"line":5,"column":2}},"line":3}},"f":{"0":5}}
,"C:\\Users\\user\\Documents\\Projects\\React-RSSchool-2025\\src\\components\\themeToggle\\ThemeToggle.tsx": {"path":"C:\\Users\\user\\Documents\\Projects\\React-RSSchool-2025\\src\\components\\themeToggle\\ThemeToggle.tsx","all":false,"statementMap":{"1":{"start":{"line":2,"column":0},"end":{"line":2,"column":46}},"8":{"start":{"line":9,"column":0},"end":{"line":9,"column":77}},"9":{"start":{"line":10,"column":0},"end":{"line":10,"column":10}},"10":{"start":{"line":11,"column":0},"end":{"line":11,"column":42}},"11":{"start":{"line":12,"column":0},"end":{"line":12,"column":12}},"12":{"start":{"line":13,"column":0},"end":{"line":13,"column":23}},"13":{"start":{"line":14,"column":0},"end":{"line":14,"column":34}},"14":{"start":{"line":15,"column":0},"end":{"line":15,"column":30}},"15":{"start":{"line":16,"column":0},"end":{"line":16,"column":40}},"16":{"start":{"line":17,"column":0},"end":{"line":17,"column":8}},"17":{"start":{"line":18,"column":0},"end":{"line":18,"column":42}},"18":{"start":{"line":19,"column":0},"end":{"line":19,"column":29}},"19":{"start":{"line":20,"column":0},"end":{"line":20,"column":14}},"20":{"start":{"line":21,"column":0},"end":{"line":21,"column":46}},"21":{"start":{"line":22,"column":0},"end":{"line":22,"column":31}},"22":{"start":{"line":23,"column":0},"end":{"line":23,"column":22}},"23":{"start":{"line":24,"column":0},"end":{"line":24,"column":23}},"25":{"start":{"line":26,"column":0},"end":{"line":26,"column":17}},"26":{"start":{"line":27,"column":0},"end":{"line":27,"column":94}},"27":{"start":{"line":28,"column":0},"end":{"line":28,"column":33}},"28":{"start":{"line":29,"column":0},"end":{"line":29,"column":14}},"29":{"start":{"line":30,"column":0},"end":{"line":30,"column":16}},"31":{"start":{"line":32,"column":0},"end":{"line":32,"column":14}},"32":{"start":{"line":33,"column":0},"end":{"line":33,"column":46}},"33":{"start":{"line":34,"column":0},"end":{"line":34,"column":31}},"34":{"start":{"line":35,"column":0},"end":{"line":35,"column":22}},"35":{"start":{"line":36,"column":0},"end":{"line":36,"column":23}},"37":{"start":{"line":38,"column":0},"end":{"line":38,"column":17}},"38":{"start":{"line":39,"column":0},"end":{"line":39,"column":393}},"39":{"start":{"line":40,"column":0},"end":{"line":40,"column":33}},"40":{"start":{"line":41,"column":0},"end":{"line":41,"column":14}},"41":{"start":{"line":42,"column":0},"end":{"line":42,"column":16}},"43":{"start":{"line":44,"column":0},"end":{"line":44,"column":13}},"44":{"start":{"line":45,"column":0},"end":{"line":45,"column":12}},"46":{"start":{"line":47,"column":0},"end":{"line":47,"column":2}},"48":{"start":{"line":49,"column":0},"end":{"line":49,"column":27}}},"s":{"1":1,"8":1,"9":13,"10":13,"11":13,"12":13,"13":13,"14":13,"15":13,"16":13,"17":13,"18":13,"19":11,"20":11,"21":11,"22":11,"23":11,"25":11,"26":11,"27":11,"28":11,"29":11,"31":2,"32":2,"33":2,"34":2,"35":2,"37":2,"38":2,"39":2,"40":2,"41":2,"43":13,"44":13,"46":13,"48":1},"branchMap":{"0":{"type":"branch","line":9,"loc":{"start":{"line":9,"column":48},"end":{"line":47,"column":2}},"locations":[{"start":{"line":9,"column":48},"end":{"line":47,"column":2}}]},"1":{"type":"branch","line":19,"loc":{"start":{"line":19,"column":19},"end":{"line":30,"column":16}},"locations":[{"start":{"line":19,"column":19},"end":{"line":30,"column":16}}]},"2":{"type":"branch","line":30,"loc":{"start":{"line":30,"column":10},"end":{"line":42,"column":16}},"locations":[{"start":{"line":30,"column":10},"end":{"line":42,"column":16}}]}},"b":{"0":[13],"1":[11],"2":[2]},"fnMap":{"0":{"name":"ThemeToggle","decl":{"start":{"line":9,"column":48},"end":{"line":47,"column":2}},"loc":{"start":{"line":9,"column":48},"end":{"line":47,"column":2}},"line":9}},"f":{"0":13}}
,"C:\\Users\\user\\Documents\\Projects\\React-RSSchool-2025\\src\\context\\ThemeContext.tsx": {"path":"C:\\Users\\user\\Documents\\Projects\\React-RSSchool-2025\\src\\context\\ThemeContext.tsx","all":false,"statementMap":{"0":{"start":{"line":1,"column":0},"end":{"line":1,"column":8}},"20":{"start":{"line":21,"column":0},"end":{"line":21,"column":76}},"22":{"start":{"line":23,"column":0},"end":{"line":23,"column":68}},"23":{"start":{"line":24,"column":0},"end":{"line":24,"column":52}},"25":{"start":{"line":26,"column":0},"end":{"line":26,"column":41}},"26":{"start":{"line":27,"column":0},"end":{"line":27,"column":72}},"27":{"start":{"line":28,"column":0},"end":{"line":28,"column":9}},"29":{"start":{"line":30,"column":0},"end":{"line":30,"column":19}},"30":{"start":{"line":31,"column":0},"end":{"line":31,"column":63}},"31":{"start":{"line":32,"column":0},"end":{"line":32,"column":14}},"33":{"start":{"line":34,"column":0},"end":{"line":34,"column":10}},"34":{"start":{"line":35,"column":0},"end":{"line":35,"column":58}},"35":{"start":{"line":36,"column":0},"end":{"line":36,"column":16}},"36":{"start":{"line":37,"column":0},"end":{"line":37,"column":28}},"38":{"start":{"line":39,"column":0},"end":{"line":39,"column":2}},"40":{"start":{"line":41,"column":0},"end":{"line":41,"column":31}},"41":{"start":{"line":42,"column":0},"end":{"line":42,"column":43}},"42":{"start":{"line":43,"column":0},"end":{"line":43,"column":30}},"43":{"start":{"line":44,"column":0},"end":{"line":44,"column":43}},"44":{"start":{"line":45,"column":0},"end":{"line":45,"column":3}},"45":{"start":{"line":46,"column":0},"end":{"line":46,"column":17}},"46":{"start":{"line":47,"column":0},"end":{"line":47,"column":2}}},"s":{"0":1,"20":1,"22":1,"23":14,"25":14,"26":3,"27":14,"29":14,"30":14,"31":14,"33":14,"34":14,"35":14,"36":14,"38":14,"40":1,"41":21,"42":21,"43":4,"44":4,"45":16,"46":16},"branchMap":{"0":{"type":"branch","line":23,"loc":{"start":{"line":23,"column":29},"end":{"line":39,"column":2}},"locations":[{"start":{"line":23,"column":29},"end":{"line":39,"column":2}}]},"1":{"type":"branch","line":26,"loc":{"start":{"line":26,"column":34},"end":{"line":28,"column":5}},"locations":[{"start":{"line":26,"column":34},"end":{"line":28,"column":5}}]},"2":{"type":"branch","line":27,"loc":{"start":{"line":27,"column":13},"end":{"line":27,"column":70}},"locations":[{"start":{"line":27,"column":13},"end":{"line":27,"column":70}}]},"3":{"type":"branch","line":27,"loc":{"start":{"line":27,"column":43},"end":{"line":27,"column":62}},"locations":[{"start":{"line":27,"column":43},"end":{"line":27,"column":62}}]},"4":{"type":"branch","line":27,"loc":{"start":{"line":27,"column":53},"end":{"line":27,"column":70}},"locations":[{"start":{"line":27,"column":53},"end":{"line":27,"column":70}}]},"5":{"type":"branch","line":30,"loc":{"start":{"line":30,"column":12},"end":{"line":32,"column":5}},"locations":[{"start":{"line":30,"column":12},"end":{"line":32,"column":5}}]},"6":{"type":"branch","line":41,"loc":{"start":{"line":41,"column":24},"end":{"line":47,"column":2}},"locations":[{"start":{"line":41,"column":24},"end":{"line":47,"column":2}}]},"7":{"type":"branch","line":43,"loc":{"start":{"line":43,"column":29},"end":{"line":45,"column":3}},"locations":[{"start":{"line":43,"column":29},"end":{"line":45,"column":3}}]},"8":{"type":"branch","line":45,"loc":{"start":{"line":45,"column":2},"end":{"line":47,"column":2}},"locations":[{"start":{"line":45,"column":2},"end":{"line":47,"column":2}}]}},"b":{"0":[14],"1":[3],"2":[3],"3":[1],"4":[2],"5":[14],"6":[21],"7":[4],"8":[16]},"fnMap":{"0":{"name":"ThemeProvider","decl":{"start":{"line":23,"column":29},"end":{"line":39,"column":2}},"loc":{"start":{"line":23,"column":29},"end":{"line":39,"column":2}},"line":23},"1":{"name":"useTheme","decl":{"start":{"line":41,"column":24},"end":{"line":47,"column":2}},"loc":{"start":{"line":41,"column":24},"end":{"line":47,"column":2}},"line":41}},"f":{"0":14,"1":21}}
,"C:\\Users\\user\\Documents\\Projects\\React-RSSchool-2025\\src\\hooks\\useSearchQuery.tsx": {"path":"C:\\Users\\user\\Documents\\Projects\\React-RSSchool-2025\\src\\hooks\\useSearchQuery.tsx","all":false,"statementMap":{"0":{"start":{"line":1,"column":0},"end":{"line":1,"column":44}},"2":{"start":{"line":3,"column":0},"end":{"line":3,"column":77}},"3":{"start":{"line":4,"column":0},"end":{"line":4,"column":37}},"4":{"start":{"line":5,"column":0},"end":{"line":5,"column":51}},"5":{"start":{"line":6,"column":0},"end":{"line":6,"column":4}},"7":{"start":{"line":8,"column":0},"end":{"line":8,"column":19}},"8":{"start":{"line":9,"column":0},"end":{"line":9,"column":47}},"9":{"start":{"line":10,"column":0},"end":{"line":10,"column":14}},"11":{"start":{"line":12,"column":0},"end":{"line":12,"column":28}},"12":{"start":{"line":13,"column":0},"end":{"line":13,"column":17}},"13":{"start":{"line":14,"column":0},"end":{"line":14,"column":43}},"14":{"start":{"line":15,"column":0},"end":{"line":15,"column":4}},"16":{"start":{"line":17,"column":0},"end":{"line":17,"column":39}},"17":{"start":{"line":18,"column":0},"end":{"line":18,"column":2}},"19":{"start":{"line":20,"column":0},"end":{"line":20,"column":30}}},"s":{"0":1,"2":1,"3":29,"4":29,"5":29,"7":29,"8":24,"9":29,"11":29,"12":1,"13":1,"14":1,"16":29,"17":29,"19":1},"branchMap":{"0":{"type":"branch","line":3,"loc":{"start":{"line":3,"column":23},"end":{"line":18,"column":2}},"locations":[{"start":{"line":3,"column":23},"end":{"line":18,"column":2}}]},"1":{"type":"branch","line":5,"loc":{"start":{"line":5,"column":4},"end":{"line":5,"column":51}},"locations":[{"start":{"line":5,"column":4},"end":{"line":5,"column":51}}]},"2":{"type":"branch","line":5,"loc":{"start":{"line":5,"column":44},"end":{"line":5,"column":51}},"locations":[{"start":{"line":5,"column":44},"end":{"line":5,"column":51}}]},"3":{"type":"branch","line":8,"loc":{"start":{"line":8,"column":12},"end":{"line":10,"column":5}},"locations":[{"start":{"line":8,"column":12},"end":{"line":10,"column":5}}]},"4":{"type":"branch","line":12,"loc":{"start":{"line":12,"column":21},"end":{"line":15,"column":4}},"locations":[{"start":{"line":12,"column":21},"end":{"line":15,"column":4}}]}},"b":{"0":[29],"1":[17],"2":[9],"3":[24],"4":[1]},"fnMap":{"0":{"name":"useSearchQuery","decl":{"start":{"line":3,"column":23},"end":{"line":18,"column":2}},"loc":{"start":{"line":3,"column":23},"end":{"line":18,"column":2}},"line":3},"1":{"name":"resetQuery","decl":{"start":{"line":12,"column":21},"end":{"line":15,"column":4}},"loc":{"start":{"line":12,"column":21},"end":{"line":15,"column":4}},"line":12}},"f":{"0":29,"1":1}}
,"C:\\Users\\user\\Documents\\Projects\\React-RSSchool-2025\\src\\pages\\DetailsPage\\DetailsPage.tsx": {"path":"C:\\Users\\user\\Documents\\Projects\\React-RSSchool-2025\\src\\pages\\DetailsPage\\DetailsPage.tsx","all":false,"statementMap":{"0":{"start":{"line":1,"column":0},"end":{"line":1,"column":55}},"1":{"start":{"line":2,"column":0},"end":{"line":2,"column":58}},"2":{"start":{"line":3,"column":0},"end":{"line":3,"column":68}},"3":{"start":{"line":4,"column":0},"end":{"line":4,"column":55}},"4":{"start":{"line":5,"column":0},"end":{"line":5,"column":46}},"6":{"start":{"line":7,"column":0},"end":{"line":7,"column":27}},"7":{"start":{"line":8,"column":0},"end":{"line":8,"column":45}},"8":{"start":{"line":9,"column":0},"end":{"line":9,"column":57}},"9":{"start":{"line":10,"column":0},"end":{"line":10,"column":33}},"11":{"start":{"line":12,"column":0},"end":{"line":12,"column":9}},"12":{"start":{"line":13,"column":0},"end":{"line":13,"column":17}},"13":{"start":{"line":14,"column":0},"end":{"line":14,"column":14}},"14":{"start":{"line":15,"column":0},"end":{"line":15,"column":12}},"15":{"start":{"line":16,"column":0},"end":{"line":16,"column":10}},"16":{"start":{"line":17,"column":0},"end":{"line":17,"column":39}},"17":{"start":{"line":18,"column":0},"end":{"line":18,"column":14}},"18":{"start":{"line":19,"column":0},"end":{"line":19,"column":5}},"20":{"start":{"line":21,"column":0},"end":{"line":21,"column":41}},"21":{"start":{"line":22,"column":0},"end":{"line":22,"column":17}},"22":{"start":{"line":23,"column":0},"end":{"line":23,"column":17}},"24":{"start":{"line":25,"column":0},"end":{"line":25,"column":19}},"25":{"start":{"line":26,"column":0},"end":{"line":26,"column":55}},"26":{"start":{"line":27,"column":0},"end":{"line":27,"column":10}},"27":{"start":{"line":28,"column":0},"end":{"line":28,"column":29}},"28":{"start":{"line":29,"column":0},"end":{"line":29,"column":58}},"29":{"start":{"line":30,"column":0},"end":{"line":30,"column":9}},"30":{"start":{"line":31,"column":0},"end":{"line":31,"column":22}},"31":{"start":{"line":32,"column":0},"end":{"line":32,"column":7}},"32":{"start":{"line":33,"column":0},"end":{"line":33,"column":6}},"34":{"start":{"line":35,"column":0},"end":{"line":35,"column":63}},"35":{"start":{"line":36,"column":0},"end":{"line":36,"column":79}},"36":{"start":{"line":37,"column":0},"end":{"line":37,"column":20}},"38":{"start":{"line":39,"column":0},"end":{"line":39,"column":18}},"39":{"start":{"line":40,"column":0},"end":{"line":40,"column":12}},"40":{"start":{"line":41,"column":0},"end":{"line":41,"column":38}},"41":{"start":{"line":42,"column":0},"end":{"line":42,"column":49}},"42":{"start":{"line":43,"column":0},"end":{"line":43,"column":21}},"43":{"start":{"line":44,"column":0},"end":{"line":44,"column":14}},"44":{"start":{"line":45,"column":0},"end":{"line":45,"column":12}},"46":{"start":{"line":47,"column":0},"end":{"line":47,"column":3}},"48":{"start":{"line":49,"column":0},"end":{"line":49,"column":16}},"49":{"start":{"line":50,"column":0},"end":{"line":50,"column":44}},"50":{"start":{"line":51,"column":0},"end":{"line":51,"column":3}},"52":{"start":{"line":53,"column":0},"end":{"line":53,"column":46}},"54":{"start":{"line":55,"column":0},"end":{"line":55,"column":10}},"55":{"start":{"line":56,"column":0},"end":{"line":56,"column":53}},"56":{"start":{"line":57,"column":0},"end":{"line":57,"column":41}},"57":{"start":{"line":58,"column":0},"end":{"line":58,"column":69}},"59":{"start":{"line":60,"column":0},"end":{"line":60,"column":17}},"60":{"start":{"line":61,"column":0},"end":{"line":61,"column":58}},"61":{"start":{"line":62,"column":0},"end":{"line":62,"column":12}},"62":{"start":{"line":63,"column":0},"end":{"line":63,"column":45}},"63":{"start":{"line":64,"column":0},"end":{"line":64,"column":43}},"64":{"start":{"line":65,"column":0},"end":{"line":65,"column":15}},"65":{"start":{"line":66,"column":0},"end":{"line":66,"column":73}},"66":{"start":{"line":67,"column":0},"end":{"line":67,"column":45}},"67":{"start":{"line":68,"column":0},"end":{"line":68,"column":43}},"68":{"start":{"line":69,"column":0},"end":{"line":69,"column":15}},"69":{"start":{"line":70,"column":0},"end":{"line":70,"column":79}},"70":{"start":{"line":71,"column":0},"end":{"line":71,"column":76}},"71":{"start":{"line":72,"column":0},"end":{"line":72,"column":72}},"72":{"start":{"line":73,"column":0},"end":{"line":73,"column":45}},"73":{"start":{"line":74,"column":0},"end":{"line":74,"column":43}},"74":{"start":{"line":75,"column":0},"end":{"line":75,"column":15}},"75":{"start":{"line":76,"column":0},"end":{"line":76,"column":79}},"76":{"start":{"line":77,"column":0},"end":{"line":77,"column":67}},"77":{"start":{"line":78,"column":0},"end":{"line":78,"column":75}},"78":{"start":{"line":79,"column":0},"end":{"line":79,"column":73}},"79":{"start":{"line":80,"column":0},"end":{"line":80,"column":13}},"80":{"start":{"line":81,"column":0},"end":{"line":81,"column":12}},"81":{"start":{"line":82,"column":0},"end":{"line":82,"column":10}},"83":{"start":{"line":84,"column":0},"end":{"line":84,"column":2}},"85":{"start":{"line":86,"column":0},"end":{"line":86,"column":27}}},"s":{"0":1,"1":1,"2":1,"3":1,"4":1,"6":1,"7":5,"8":5,"9":5,"11":5,"12":5,"13":5,"14":5,"15":5,"16":5,"17":5,"18":5,"20":5,"21":2,"22":5,"24":5,"25":5,"26":2,"27":2,"28":2,"29":2,"30":1,"31":1,"32":2,"34":5,"35":5,"36":5,"38":5,"39":1,"40":1,"41":1,"42":1,"43":1,"44":1,"46":1,"48":5,"49":1,"50":1,"52":5,"54":3,"55":3,"56":3,"57":3,"59":3,"60":3,"61":3,"62":3,"63":3,"64":3,"65":3,"66":3,"67":3,"68":3,"69":3,"70":3,"71":3,"72":3,"73":3,"74":3,"75":3,"76":3,"77":3,"78":3,"79":3,"80":3,"81":3,"83":3,"85":1},"branchMap":{"0":{"type":"branch","line":7,"loc":{"start":{"line":7,"column":20},"end":{"line":84,"column":2}},"locations":[{"start":{"line":7,"column":20},"end":{"line":84,"column":2}}]},"1":{"type":"branch","line":17,"loc":{"start":{"line":17,"column":28},"end":{"line":17,"column":38}},"locations":[{"start":{"line":17,"column":28},"end":{"line":17,"column":38}}]},"2":{"type":"branch","line":39,"loc":{"start":{"line":39,"column":17},"end":{"line":47,"column":3}},"locations":[{"start":{"line":39,"column":17},"end":{"line":47,"column":3}}]},"3":{"type":"branch","line":47,"loc":{"start":{"line":47,"column":2},"end":{"line":49,"column":15}},"locations":[{"start":{"line":47,"column":2},"end":{"line":49,"column":15}}]},"4":{"type":"branch","line":49,"loc":{"start":{"line":49,"column":15},"end":{"line":51,"column":3}},"locations":[{"start":{"line":49,"column":15},"end":{"line":51,"column":3}}]},"5":{"type":"branch","line":51,"loc":{"start":{"line":51,"column":2},"end":{"line":53,"column":22}},"locations":[{"start":{"line":51,"column":2},"end":{"line":53,"column":22}}]},"6":{"type":"branch","line":53,"loc":{"start":{"line":53,"column":15},"end":{"line":53,"column":46}},"locations":[{"start":{"line":53,"column":15},"end":{"line":53,"column":46}}]},"7":{"type":"branch","line":53,"loc":{"start":{"line":53,"column":41},"end":{"line":84,"column":2}},"locations":[{"start":{"line":53,"column":41},"end":{"line":84,"column":2}}]},"8":{"type":"branch","line":21,"loc":{"start":{"line":21,"column":34},"end":{"line":23,"column":5}},"locations":[{"start":{"line":21,"column":34},"end":{"line":23,"column":5}}]},"9":{"type":"branch","line":25,"loc":{"start":{"line":25,"column":12},"end":{"line":37,"column":5}},"locations":[{"start":{"line":25,"column":12},"end":{"line":37,"column":5}}]},"10":{"type":"branch","line":26,"loc":{"start":{"line":26,"column":31},"end":{"line":33,"column":6}},"locations":[{"start":{"line":26,"column":31},"end":{"line":33,"column":6}}]},"11":{"type":"branch","line":30,"loc":{"start":{"line":30,"column":8},"end":{"line":32,"column":7}},"locations":[{"start":{"line":30,"column":8},"end":{"line":32,"column":7}}]},"12":{"type":"branch","line":36,"loc":{"start":{"line":36,"column":11},"end":{"line":36,"column":79}},"locations":[{"start":{"line":36,"column":11},"end":{"line":36,"column":79}}]}},"b":{"0":[5],"1":[0],"2":[1],"3":[4],"4":[1],"5":[3],"6":[0],"7":[3],"8":[2],"9":[5],"10":[2],"11":[1],"12":[5]},"fnMap":{"0":{"name":"DetailsPage","decl":{"start":{"line":7,"column":20},"end":{"line":84,"column":2}},"loc":{"start":{"line":7,"column":20},"end":{"line":84,"column":2}},"line":7},"1":{"name":"handleOutsideClick","decl":{"start":{"line":26,"column":31},"end":{"line":33,"column":6}},"loc":{"start":{"line":26,"column":31},"end":{"line":33,"column":6}},"line":26}},"f":{"0":5,"1":2}}
,"C:\\Users\\user\\Documents\\Projects\\React-RSSchool-2025\\src\\pages\\MainPage\\MainPage.tsx": {"path":"C:\\Users\\user\\Documents\\Projects\\React-RSSchool-2025\\src\\pages\\MainPage\\MainPage.tsx","all":false,"statementMap":{"0":{"start":{"line":1,"column":0},"end":{"line":1,"column":36}},"1":{"start":{"line":2,"column":0},"end":{"line":2,"column":72}},"2":{"start":{"line":3,"column":0},"end":{"line":3,"column":56}},"3":{"start":{"line":4,"column":0},"end":{"line":4,"column":52}},"4":{"start":{"line":5,"column":0},"end":{"line":5,"column":52}},"5":{"start":{"line":6,"column":0},"end":{"line":6,"column":55}},"6":{"start":{"line":7,"column":0},"end":{"line":7,"column":64}},"7":{"start":{"line":8,"column":0},"end":{"line":8,"column":52}},"8":{"start":{"line":9,"column":0},"end":{"line":9,"column":64}},"9":{"start":{"line":10,"column":0},"end":{"line":10,"column":54}},"10":{"start":{"line":11,"column":0},"end":{"line":11,"column":67}},"11":{"start":{"line":12,"column":0},"end":{"line":12,"column":43}},"13":{"start":{"line":14,"column":0},"end":{"line":14,"column":24}},"14":{"start":{"line":15,"column":0},"end":{"line":15,"column":45}},"15":{"start":{"line":16,"column":0},"end":{"line":16,"column":60}},"16":{"start":{"line":17,"column":0},"end":{"line":17,"column":33}},"17":{"start":{"line":18,"column":0},"end":{"line":18,"column":44}},"19":{"start":{"line":20,"column":0},"end":{"line":20,"column":59}},"20":{"start":{"line":21,"column":0},"end":{"line":21,"column":21}},"21":{"start":{"line":22,"column":0},"end":{"line":22,"column":66}},"22":{"start":{"line":23,"column":0},"end":{"line":23,"column":65}},"24":{"start":{"line":25,"column":0},"end":{"line":25,"column":9}},"25":{"start":{"line":26,"column":0},"end":{"line":26,"column":22}},"26":{"start":{"line":27,"column":0},"end":{"line":27,"column":14}},"27":{"start":{"line":28,"column":0},"end":{"line":28,"column":15}},"28":{"start":{"line":29,"column":0},"end":{"line":29,"column":12}},"29":{"start":{"line":30,"column":0},"end":{"line":30,"column":10}},"30":{"start":{"line":31,"column":0},"end":{"line":31,"column":54}},"32":{"start":{"line":33,"column":0},"end":{"line":33,"column":35}},"33":{"start":{"line":34,"column":0},"end":{"line":34,"column":30}},"34":{"start":{"line":35,"column":0},"end":{"line":35,"column":28}},"35":{"start":{"line":36,"column":0},"end":{"line":36,"column":57}},"36":{"start":{"line":37,"column":0},"end":{"line":37,"column":6}},"37":{"start":{"line":38,"column":0},"end":{"line":38,"column":31}},"38":{"start":{"line":39,"column":0},"end":{"line":39,"column":4}},"40":{"start":{"line":41,"column":0},"end":{"line":41,"column":39}},"41":{"start":{"line":42,"column":0},"end":{"line":42,"column":26}},"42":{"start":{"line":43,"column":0},"end":{"line":43,"column":40}},"43":{"start":{"line":44,"column":0},"end":{"line":44,"column":52}},"44":{"start":{"line":45,"column":0},"end":{"line":45,"column":30}},"45":{"start":{"line":46,"column":0},"end":{"line":46,"column":10}},"46":{"start":{"line":47,"column":0},"end":{"line":47,"column":6}},"47":{"start":{"line":48,"column":0},"end":{"line":48,"column":21}},"48":{"start":{"line":49,"column":0},"end":{"line":49,"column":4}},"50":{"start":{"line":51,"column":0},"end":{"line":51,"column":10}},"51":{"start":{"line":52,"column":0},"end":{"line":52,"column":38}},"52":{"start":{"line":53,"column":0},"end":{"line":53,"column":37}},"60":{"start":{"line":61,"column":0},"end":{"line":61,"column":10}},"61":{"start":{"line":62,"column":0},"end":{"line":62,"column":41}},"62":{"start":{"line":63,"column":0},"end":{"line":63,"column":47}},"63":{"start":{"line":64,"column":0},"end":{"line":64,"column":63}},"64":{"start":{"line":65,"column":0},"end":{"line":65,"column":12}},"65":{"start":{"line":66,"column":0},"end":{"line":66,"column":10}},"66":{"start":{"line":67,"column":0},"end":{"line":67,"column":80}},"68":{"start":{"line":69,"column":0},"end":{"line":69,"column":44}},"69":{"start":{"line":70,"column":0},"end":{"line":70,"column":52}},"70":{"start":{"line":71,"column":0},"end":{"line":71,"column":59}},"71":{"start":{"line":72,"column":0},"end":{"line":72,"column":46}},"72":{"start":{"line":73,"column":0},"end":{"line":73,"column":41}},"74":{"start":{"line":75,"column":0},"end":{"line":75,"column":35}},"76":{"start":{"line":77,"column":0},"end":{"line":77,"column":14}},"77":{"start":{"line":78,"column":0},"end":{"line":78,"column":27}},"78":{"start":{"line":79,"column":0},"end":{"line":79,"column":14}},"79":{"start":{"line":80,"column":0},"end":{"line":80,"column":87}},"81":{"start":{"line":82,"column":0},"end":{"line":82,"column":22}},"82":{"start":{"line":83,"column":0},"end":{"line":83,"column":16}},"84":{"start":{"line":85,"column":0},"end":{"line":85,"column":12}},"85":{"start":{"line":86,"column":0},"end":{"line":86,"column":34}},"86":{"start":{"line":87,"column":0},"end":{"line":87,"column":19}},"87":{"start":{"line":88,"column":0},"end":{"line":88,"column":35}},"88":{"start":{"line":89,"column":0},"end":{"line":89,"column":46}},"89":{"start":{"line":90,"column":0},"end":{"line":90,"column":38}},"90":{"start":{"line":91,"column":0},"end":{"line":91,"column":41}},"91":{"start":{"line":92,"column":0},"end":{"line":92,"column":10}},"94":{"start":{"line":95,"column":0},"end":{"line":95,"column":16}},"95":{"start":{"line":96,"column":0},"end":{"line":96,"column":10}},"97":{"start":{"line":98,"column":0},"end":{"line":98,"column":2}},"99":{"start":{"line":100,"column":0},"end":{"line":100,"column":24}}},"s":{"0":1,"1":1,"2":1,"3":1,"4":1,"5":1,"6":1,"7":1,"8":1,"9":1,"10":1,"11":1,"13":1,"14":10,"15":10,"16":10,"17":10,"19":10,"20":10,"21":10,"22":10,"24":10,"25":10,"26":10,"27":10,"28":10,"29":10,"30":10,"32":10,"33":10,"34":1,"35":1,"36":1,"37":10,"38":10,"40":10,"41":10,"42":0,"43":0,"44":0,"45":0,"46":0,"47":10,"48":10,"50":10,"51":10,"52":10,"60":10,"61":10,"62":10,"63":10,"64":10,"65":10,"66":10,"68":10,"69":10,"70":10,"71":10,"72":1,"74":9,"76":10,"77":10,"78":0,"79":0,"81":0,"82":0,"84":10,"85":10,"86":1,"87":1,"88":1,"89":1,"90":1,"91":1,"94":10,"95":10,"97":10,"99":1},"branchMap":{"0":{"type":"branch","line":14,"loc":{"start":{"line":14,"column":17},"end":{"line":98,"column":2}},"locations":[{"start":{"line":14,"column":17},"end":{"line":98,"column":2}}]},"1":{"type":"branch","line":20,"loc":{"start":{"line":20,"column":40},"end":{"line":20,"column":59}},"locations":[{"start":{"line":20,"column":40},"end":{"line":20,"column":59}}]},"2":{"type":"branch","line":22,"loc":{"start":{"line":22,"column":59},"end":{"line":22,"column":66}},"locations":[{"start":{"line":22,"column":59},"end":{"line":22,"column":66}}]},"3":{"type":"branch","line":67,"loc":{"start":{"line":67,"column":40},"end":{"line":67,"column":75}},"locations":[{"start":{"line":67,"column":40},"end":{"line":67,"column":75}}]},"4":{"type":"branch","line":70,"loc":{"start":{"line":70,"column":12},"end":{"line":70,"column":40}},"locations":[{"start":{"line":70,"column":12},"end":{"line":70,"column":40}}]},"5":{"type":"branch","line":70,"loc":{"start":{"line":70,"column":25},"end":{"line":70,"column":52}},"locations":[{"start":{"line":70,"column":25},"end":{"line":70,"column":52}}]},"6":{"type":"branch","line":71,"loc":{"start":{"line":71,"column":11},"end":{"line":71,"column":56}},"locations":[{"start":{"line":71,"column":11},"end":{"line":71,"column":56}}]},"7":{"type":"branch","line":72,"loc":{"start":{"line":72,"column":11},"end":{"line":72,"column":32}},"locations":[{"start":{"line":72,"column":11},"end":{"line":72,"column":32}}]},"8":{"type":"branch","line":72,"loc":{"start":{"line":72,"column":41},"end":{"line":73,"column":41}},"locations":[{"start":{"line":72,"column":41},"end":{"line":73,"column":41}}]},"9":{"type":"branch","line":73,"loc":{"start":{"line":73,"column":39},"end":{"line":75,"column":35}},"locations":[{"start":{"line":73,"column":39},"end":{"line":75,"column":35}}]},"10":{"type":"branch","line":78,"loc":{"start":{"line":78,"column":9},"end":{"line":83,"column":16}},"locations":[{"start":{"line":78,"column":9},"end":{"line":83,"column":16}}]},"11":{"type":"branch","line":86,"loc":{"start":{"line":86,"column":7},"end":{"line":86,"column":28}},"locations":[{"start":{"line":86,"column":7},"end":{"line":86,"column":28}}]},"12":{"type":"branch","line":86,"loc":{"start":{"line":86,"column":28},"end":{"line":92,"column":10}},"locations":[{"start":{"line":86,"column":28},"end":{"line":92,"column":10}}]},"13":{"type":"branch","line":34,"loc":{"start":{"line":34,"column":4},"end":{"line":37,"column":6}},"locations":[{"start":{"line":34,"column":4},"end":{"line":37,"column":6}}]}},"b":{"0":[10],"1":[0],"2":[9],"3":[0],"4":[7],"5":[3],"6":[1],"7":[6],"8":[1],"9":[9],"10":[0],"11":[6],"12":[1],"13":[1]},"fnMap":{"0":{"name":"MainPage","decl":{"start":{"line":14,"column":17},"end":{"line":98,"column":2}},"loc":{"start":{"line":14,"column":17},"end":{"line":98,"column":2}},"line":14}},"f":{"0":10}}
,"C:\\Users\\user\\Documents\\Projects\\React-RSSchool-2025\\src\\pages\\NotFoundPage\\NotFoundPage.tsx": {"path":"C:\\Users\\user\\Documents\\Projects\\React-RSSchool-2025\\src\\pages\\NotFoundPage\\NotFoundPage.tsx","all":false,"statementMap":{"0":{"start":{"line":1,"column":0},"end":{"line":1,"column":47}},"2":{"start":{"line":3,"column":0},"end":{"line":3,"column":28}},"3":{"start":{"line":4,"column":0},"end":{"line":4,"column":33}},"4":{"start":{"line":5,"column":0},"end":{"line":5,"column":10}},"5":{"start":{"line":6,"column":0},"end":{"line":6,"column":9}},"6":{"start":{"line":7,"column":0},"end":{"line":7,"column":43}},"7":{"start":{"line":8,"column":0},"end":{"line":8,"column":13}},"8":{"start":{"line":9,"column":0},"end":{"line":9,"column":24}},"9":{"start":{"line":10,"column":0},"end":{"line":10,"column":24}},"10":{"start":{"line":11,"column":0},"end":{"line":11,"column":10}},"11":{"start":{"line":12,"column":0},"end":{"line":12,"column":7}},"13":{"start":{"line":14,"column":0},"end":{"line":14,"column":15}},"14":{"start":{"line":15,"column":0},"end":{"line":15,"column":10}},"16":{"start":{"line":17,"column":0},"end":{"line":17,"column":2}},"18":{"start":{"line":19,"column":0},"end":{"line":19,"column":28}}},"s":{"0":1,"2":1,"3":3,"4":3,"5":3,"6":3,"7":3,"8":3,"9":1,"10":1,"11":3,"13":3,"14":3,"16":3,"18":1},"branchMap":{"0":{"type":"branch","line":3,"loc":{"start":{"line":3,"column":21},"end":{"line":17,"column":2}},"locations":[{"start":{"line":3,"column":21},"end":{"line":17,"column":2}}]},"1":{"type":"branch","line":9,"loc":{"start":{"line":9,"column":17},"end":{"line":11,"column":10}},"locations":[{"start":{"line":9,"column":17},"end":{"line":11,"column":10}}]}},"b":{"0":[3],"1":[1]},"fnMap":{"0":{"name":"NotFoundPage","decl":{"start":{"line":3,"column":21},"end":{"line":17,"column":2}},"loc":{"start":{"line":3,"column":21},"end":{"line":17,"column":2}},"line":3},"1":{"name":"onClick","decl":{"start":{"line":9,"column":17},"end":{"line":11,"column":10}},"loc":{"start":{"line":9,"column":17},"end":{"line":11,"column":10}},"line":9}},"f":{"0":3,"1":1}}
,"C:\\Users\\user\\Documents\\Projects\\React-RSSchool-2025\\src\\routing\\Router.tsx": {"path":"C:\\Users\\user\\Documents\\Projects\\React-RSSchool-2025\\src\\routing\\Router.tsx","all":false,"statementMap":{"0":{"start":{"line":1,"column":0},"end":{"line":1,"column":50}},"1":{"start":{"line":2,"column":0},"end":{"line":2,"column":59}},"2":{"start":{"line":3,"column":0},"end":{"line":3,"column":62}},"3":{"start":{"line":4,"column":0},"end":{"line":4,"column":49}},"5":{"start":{"line":6,"column":0},"end":{"line":6,"column":22}},"6":{"start":{"line":7,"column":0},"end":{"line":7,"column":10}},"7":{"start":{"line":8,"column":0},"end":{"line":8,"column":12}},"8":{"start":{"line":9,"column":0},"end":{"line":9,"column":45}},"9":{"start":{"line":10,"column":0},"end":{"line":10,"column":61}},"10":{"start":{"line":11,"column":0},"end":{"line":11,"column":14}},"11":{"start":{"line":12,"column":0},"end":{"line":12,"column":51}},"12":{"start":{"line":13,"column":0},"end":{"line":13,"column":13}},"14":{"start":{"line":15,"column":0},"end":{"line":15,"column":2}},"16":{"start":{"line":17,"column":0},"end":{"line":17,"column":22}}},"s":{"0":1,"1":1,"2":1,"3":1,"5":1,"6":2,"7":2,"8":2,"9":2,"10":2,"11":2,"12":2,"14":2,"16":1},"branchMap":{"0":{"type":"branch","line":6,"loc":{"start":{"line":6,"column":15},"end":{"line":15,"column":2}},"locations":[{"start":{"line":6,"column":15},"end":{"line":15,"column":2}}]}},"b":{"0":[2]},"fnMap":{"0":{"name":"Router","decl":{"start":{"line":6,"column":15},"end":{"line":15,"column":2}},"loc":{"start":{"line":6,"column":15},"end":{"line":15,"column":2}},"line":6}},"f":{"0":2}}
,"C:\\Users\\user\\Documents\\Projects\\React-RSSchool-2025\\src\\services\\Api\\apiHooks.ts": {"path":"C:\\Users\\user\\Documents\\Projects\\React-RSSchool-2025\\src\\services\\Api\\apiHooks.ts","all":false,"statementMap":{"0":{"start":{"line":1,"column":0},"end":{"line":1,"column":38}},"2":{"start":{"line":3,"column":0},"end":{"line":3,"column":69}}},"s":{"0":1,"2":1},"branchMap":{},"b":{},"fnMap":{},"f":{}}
,"C:\\Users\\user\\Documents\\Projects\\React-RSSchool-2025\\src\\services\\Api\\apiSlice.ts": {"path":"C:\\Users\\user\\Documents\\Projects\\React-RSSchool-2025\\src\\services\\Api\\apiSlice.ts","all":false,"statementMap":{"0":{"start":{"line":1,"column":0},"end":{"line":1,"column":73}},"3":{"start":{"line":4,"column":0},"end":{"line":4,"column":35}},"4":{"start":{"line":5,"column":0},"end":{"line":5,"column":21}},"5":{"start":{"line":6,"column":0},"end":{"line":6,"column":66}},"6":{"start":{"line":7,"column":0},"end":{"line":7,"column":28}},"7":{"start":{"line":8,"column":0},"end":{"line":8,"column":30}},"8":{"start":{"line":9,"column":0},"end":{"line":9,"column":79}},"9":{"start":{"line":10,"column":0},"end":{"line":10,"column":7}},"10":{"start":{"line":11,"column":0},"end":{"line":11,"column":50}},"11":{"start":{"line":12,"column":0},"end":{"line":12,"column":38}},"12":{"start":{"line":13,"column":0},"end":{"line":13,"column":7}},"13":{"start":{"line":14,"column":0},"end":{"line":14,"column":5}},"14":{"start":{"line":15,"column":0},"end":{"line":15,"column":3}},"16":{"start":{"line":17,"column":0},"end":{"line":17,"column":69}}},"s":{"0":1,"3":1,"4":1,"5":1,"6":1,"7":5,"8":5,"9":5,"10":5,"11":5,"12":5,"13":5,"14":1,"16":1},"branchMap":{"0":{"type":"branch","line":7,"loc":{"start":{"line":7,"column":13},"end":{"line":14,"column":5}},"locations":[{"start":{"line":7,"column":13},"end":{"line":14,"column":5}}]},"1":{"type":"branch","line":9,"loc":{"start":{"line":9,"column":13},"end":{"line":9,"column":79}},"locations":[{"start":{"line":9,"column":13},"end":{"line":9,"column":79}}]}},"b":{"0":[5],"1":[2]},"fnMap":{"0":{"name":"endpoints","decl":{"start":{"line":7,"column":13},"end":{"line":14,"column":5}},"loc":{"start":{"line":7,"column":13},"end":{"line":14,"column":5}},"line":7},"1":{"name":"query","decl":{"start":{"line":9,"column":13},"end":{"line":9,"column":79}},"loc":{"start":{"line":9,"column":13},"end":{"line":9,"column":79}},"line":9},"2":{"name":"query","decl":{"start":{"line":12,"column":13},"end":{"line":12,"column":38}},"loc":{"start":{"line":12,"column":13},"end":{"line":12,"column":38}},"line":12}},"f":{"0":5,"1":2,"2":0}}
,"C:\\Users\\user\\Documents\\Projects\\React-RSSchool-2025\\src\\store\\selectedItemsSlice.ts": {"path":"C:\\Users\\user\\Documents\\Projects\\React-RSSchool-2025\\src\\store\\selectedItemsSlice.ts","all":false,"statementMap":{"0":{"start":{"line":1,"column":0},"end":{"line":1,"column":62}},"7":{"start":{"line":8,"column":0},"end":{"line":8,"column":42}},"8":{"start":{"line":9,"column":0},"end":{"line":9,"column":20}},"9":{"start":{"line":10,"column":0},"end":{"line":10,"column":2}},"11":{"start":{"line":12,"column":0},"end":{"line":12,"column":40}},"12":{"start":{"line":13,"column":0},"end":{"line":13,"column":24}},"13":{"start":{"line":14,"column":0},"end":{"line":14,"column":15}},"14":{"start":{"line":15,"column":0},"end":{"line":15,"column":13}},"15":{"start":{"line":16,"column":0},"end":{"line":16,"column":59}},"16":{"start":{"line":17,"column":0},"end":{"line":17,"column":34}},"17":{"start":{"line":18,"column":0},"end":{"line":18,"column":77}},"18":{"start":{"line":19,"column":0},"end":{"line":19,"column":25}},"19":{"start":{"line":20,"column":0},"end":{"line":20,"column":39}},"20":{"start":{"line":21,"column":0},"end":{"line":21,"column":14}},"21":{"start":{"line":22,"column":0},"end":{"line":22,"column":45}},"22":{"start":{"line":23,"column":0},"end":{"line":23,"column":7}},"23":{"start":{"line":24,"column":0},"end":{"line":24,"column":6}},"24":{"start":{"line":25,"column":0},"end":{"line":25,"column":36}},"25":{"start":{"line":26,"column":0},"end":{"line":26,"column":31}},"26":{"start":{"line":27,"column":0},"end":{"line":27,"column":6}},"27":{"start":{"line":28,"column":0},"end":{"line":28,"column":4}},"28":{"start":{"line":29,"column":0},"end":{"line":29,"column":3}},"30":{"start":{"line":31,"column":0},"end":{"line":31,"column":77}},"31":{"start":{"line":32,"column":0},"end":{"line":32,"column":42}}},"s":{"0":1,"7":1,"8":1,"9":1,"11":1,"12":1,"13":1,"14":1,"15":1,"16":4,"17":4,"18":4,"19":2,"20":2,"21":2,"22":2,"23":4,"24":1,"25":3,"26":3,"27":1,"28":1,"30":1,"31":1},"branchMap":{"0":{"type":"branch","line":16,"loc":{"start":{"line":16,"column":16},"end":{"line":24,"column":6}},"locations":[{"start":{"line":16,"column":16},"end":{"line":24,"column":6}}]},"1":{"type":"branch","line":19,"loc":{"start":{"line":19,"column":24},"end":{"line":23,"column":7}},"locations":[{"start":{"line":19,"column":24},"end":{"line":23,"column":7}}]},"2":{"type":"branch","line":18,"loc":{"start":{"line":18,"column":50},"end":{"line":18,"column":75}},"locations":[{"start":{"line":18,"column":50},"end":{"line":18,"column":75}}]},"3":{"type":"branch","line":25,"loc":{"start":{"line":25,"column":24},"end":{"line":27,"column":6}},"locations":[{"start":{"line":25,"column":24},"end":{"line":27,"column":6}}]}},"b":{"0":[4],"1":[2],"2":[2],"3":[3]},"fnMap":{"0":{"name":"toggleItem","decl":{"start":{"line":16,"column":16},"end":{"line":24,"column":6}},"loc":{"start":{"line":16,"column":16},"end":{"line":24,"column":6}},"line":16},"1":{"name":"clearSelectedItems","decl":{"start":{"line":25,"column":24},"end":{"line":27,"column":6}},"loc":{"start":{"line":25,"column":24},"end":{"line":27,"column":6}},"line":25}},"f":{"0":4,"1":3}}
,"C:\\Users\\user\\Documents\\Projects\\React-RSSchool-2025\\src\\store\\store.ts": {"path":"C:\\Users\\user\\Documents\\Projects\\React-RSSchool-2025\\src\\store\\store.ts","all":false,"statementMap":{"0":{"start":{"line":1,"column":0},"end":{"line":1,"column":50}},"1":{"start":{"line":2,"column":0},"end":{"line":2,"column":52}},"2":{"start":{"line":3,"column":0},"end":{"line":3,"column":56}},"4":{"start":{"line":5,"column":0},"end":{"line":5,"column":30}},"5":{"start":{"line":6,"column":0},"end":{"line":6,"column":12}},"6":{"start":{"line":7,"column":0},"end":{"line":7,"column":40}},"7":{"start":{"line":8,"column":0},"end":{"line":8,"column":45}},"8":{"start":{"line":9,"column":0},"end":{"line":9,"column":4}},"9":{"start":{"line":10,"column":0},"end":{"line":10,"column":39}},"10":{"start":{"line":11,"column":0},"end":{"line":11,"column":55}},"11":{"start":{"line":12,"column":0},"end":{"line":12,"column":3}},"16":{"start":{"line":17,"column":0},"end":{"line":17,"column":21}}},"s":{"0":1,"1":1,"2":1,"4":1,"5":1,"6":1,"7":1,"8":1,"9":1,"10":3,"11":1,"16":1},"branchMap":{"0":{"type":"branch","line":10,"loc":{"start":{"line":10,"column":14},"end":{"line":11,"column":55}},"locations":[{"start":{"line":10,"column":14},"end":{"line":11,"column":55}}]}},"b":{"0":[3]},"fnMap":{"0":{"name":"middleware","decl":{"start":{"line":10,"column":14},"end":{"line":11,"column":55}},"loc":{"start":{"line":10,"column":14},"end":{"line":11,"column":55}},"line":10}},"f":{"0":3}}
,"C:\\Users\\user\\Documents\\Projects\\React-RSSchool-2025\\src\\tests\\setup.ts": {"path":"C:\\Users\\user\\Documents\\Projects\\React-RSSchool-2025\\src\\tests\\setup.ts","all":false,"statementMap":{"0":{"start":{"line":1,"column":0},"end":{"line":1,"column":35}},"1":{"start":{"line":2,"column":0},"end":{"line":2,"column":42}}},"s":{"0":1,"1":1},"branchMap":{},"b":{},"fnMap":{},"f":{}}
,"C:\\Users\\user\\Documents\\Projects\\React-RSSchool-2025\\src\\utils\\types.ts": {"path":"C:\\Users\\user\\Documents\\Projects\\React-RSSchool-2025\\src\\utils\\types.ts","all":true,"statementMap":{},"s":{},"branchMap":{"0":{"type":"branch","line":1,"loc":{"start":{"line":1,"column":377},"end":{"line":21,"column":1}},"locations":[{"start":{"line":1,"column":377},"end":{"line":21,"column":1}}]}},"b":{"0":[1]},"fnMap":{"0":{"name":"(empty-report)","decl":{"start":{"line":1,"column":377},"end":{"line":21,"column":1}},"loc":{"start":{"line":1,"column":377},"end":{"line":21,"column":1}},"line":1}},"f":{"0":1}}
}
